{"name": "Тест создания заказа с невалидным хэшом ингредиента", "status": "failed", "statusDetails": {"message": "AssertionError: assert 400 == 500\n +  where 400 = <Response [400]>.status_code", "trace": "self = <tests.test_create_order.TestCreateOrder object at 0x000001F785F01E10>\nlogin_user = {'accessToken': 'Bearer eyJhbGciOiJIUzI1NiIsInR5cCI6IkpXVCJ9.eyJpZCI6IjY4MjZkMjMyOWVkMjgwMDAxYjVlZDMwOCIsImlhdCI6MTc0O...b21c94e3d717640056cc600886ddc443c6046', 'success': True, 'user': {'email': 'test_email@burger.ru', 'name': 'Vladimir'}}, hash_ingredient = '16c0c5a71d1f82001bdaaa61'\n\n    @pytest.mark.parametrize('hash_ingredient', data.Ingredients.INVALID_HASH)\n    @allure.title('Тест создания заказа с невалидным хэшом ингредиента')\n    def test_create_order_with_invalid_hash(self, login_user, hash_ingredient):\n        access_token = {'Authorization': login_user['accessToken']}\n        payload = {'ingredients': hash_ingredient}\n        with allure.step('Создание заказа с невалидным хэшом ингредиента'):\n            response = requests.post(f'{Curls.MAIN_URL}{Curls.URL_CREATE_ORDER}', data = payload, headers=access_token)\n>       assert response.status_code == 500\nE       assert 400 == 500\nE        +  where 400 = <Response [400]>.status_code\n\ntests\\test_create_order.py:34: AssertionError"}, "steps": [{"name": "Создание заказа с невалидным хэшом ингредиента", "status": "passed", "start": 1748632878030, "stop": 1748632878228}], "parameters": [{"name": "hash_ingredient", "value": "'16c0c5a71d1f82001bdaaa61'"}], "start": 1748632878030, "stop": 1748632878228, "uuid": "4441ee8a-f34b-4b60-b18f-a758e332dffb", "historyId": "79eba76a13350be8c2e5f59e5a6bd251", "testCaseId": "7c1761ec96200ea376bf577bf0c946e2", "fullName": "tests.test_create_order.TestCreateOrder#test_create_order_with_invalid_hash", "labels": [{"name": "parentSuite", "value": "tests"}, {"name": "suite", "value": "test_create_order"}, {"name": "subSuite", "value": "TestCreateOrder"}, {"name": "host", "value": "DESKTOP-TPD2N8J"}, {"name": "thread", "value": "17176-MainThread"}, {"name": "framework", "value": "pytest"}, {"name": "language", "value": "cpython3"}, {"name": "package", "value": "tests.test_create_order"}]}